nohup: ignoring input
2026-04-11 23:51:41,401 [WORLD] ============================================================
2026-04-11 23:51:41,402 [WORLD] ARIA Layer 7 — World Model — WHY markets move
2026-04-11 23:51:41,402 [WORLD] ============================================================
2026-04-11 23:51:41,484 [WORLD] [Cycle 1] Narrative:CONSOLIDATION Phase:LATE_CYCLE_STRESS Risk:CRISIS Liquidity:FRAGILE
2026-04-11 23:51:41,484 [WORLD]   Driver: No clear dominant theme | Confidence:65%
2026-04-12 00:06:41,524 [WORLD] [Cycle 2] Narrative:CONSOLIDATION Phase:LATE_CYCLE_STRESS Risk:CRISIS Liquidity:FRAGILE
2026-04-12 00:06:41,525 [WORLD]   Driver: No clear dominant theme | Confidence:65%
2026-04-12 00:21:41,553 [WORLD] [Cycle 3] Narrative:CONSOLIDATION Phase:LATE_CYCLE_STRESS Risk:CRISIS Liquidity:FRAGILE
2026-04-12 00:21:41,554 [WORLD]   Driver: No clear dominant theme | Confidence:65%
2026-04-12 00:36:41,579 [WORLD] [Cycle 4] Narrative:CONSOLIDATION Phase:LATE_CYCLE_STRESS Risk:CRISIS Liquidity:FRAGILE
2026-04-12 00:36:41,579 [WORLD]   Driver: No clear dominant theme | Confidence:65%
2026-04-12 00:51:41,605 [WORLD] [Cycle 5] Narrative:CONSOLIDATION Phase:LATE_CYCLE_STRESS Risk:CRISIS Liquidity:FRAGILE
2026-04-12 00:51:41,605 [WORLD]   Driver: No clear dominant theme | Confidence:65%
2026-04-12 01:06:41,647 [WORLD] [Cycle 6] Narrative:CONSOLIDATION Phase:LATE_CYCLE_STRESS Risk:CRISIS Liquidity:FRAGILE
2026-04-12 01:06:41,647 [WORLD]   Driver: No clear dominant theme | Confidence:65%
2026-04-12 01:21:41,683 [WORLD] [Cycle 7] Narrative:CONSOLIDATION Phase:LATE_CYCLE_STRESS Risk:CRISIS Liquidity:FRAGILE
2026-04-12 01:21:41,683 [WORLD]   Driver: No clear dominant theme | Confidence:65%
2026-04-12 01:36:41,722 [WORLD] [Cycle 8] Narrative:CONSOLIDATION Phase:LATE_CYCLE_STRESS Risk:CRISIS Liquidity:FRAGILE
2026-04-12 01:36:41,723 [WORLD]   Driver: No clear dominant theme | Confidence:80%
2026-04-12 01:51:41,744 [WORLD] [Cycle 9] Narrative:CONSOLIDATION Phase:LATE_CYCLE_STRESS Risk:CRISIS Liquidity:FRAGILE
2026-04-12 01:51:41,744 [WORLD]   Driver: No clear dominant theme | Confidence:80%
2026-04-12 02:06:41,779 [WORLD] [Cycle 10] Narrative:CONSOLIDATION Phase:LATE_CYCLE_STRESS Risk:CRISIS Liquidity:FRAGILE
2026-04-12 02:06:41,779 [WORLD]   Driver: No clear dominant theme | Confidence:80%
2026-04-12 02:21:41,810 [WORLD] [Cycle 11] Narrative:CONSOLIDATION Phase:LATE_CYCLE_STRESS Risk:CRISIS Liquidity:FRAGILE
2026-04-12 02:21:41,810 [WORLD]   Driver: No clear dominant theme | Confidence:65%
2026-04-12 02:36:41,840 [WORLD] [Cycle 12] Narrative:CONSOLIDATION Phase:LATE_CYCLE_STRESS Risk:CRISIS Liquidity:FRAGILE
2026-04-12 02:36:41,840 [WORLD]   Driver: No clear dominant theme | Confidence:65%
2026-04-12 02:51:41,885 [WORLD] [Cycle 13] Narrative:CONSOLIDATION Phase:LATE_CYCLE_STRESS Risk:CRISIS Liquidity:FRAGILE
2026-04-12 02:51:41,886 [WORLD]   Driver: No clear dominant theme | Confidence:80%
2026-04-12 03:06:41,913 [WORLD] [Cycle 14] Narrative:CONSOLIDATION Phase:LATE_CYCLE_STRESS Risk:CRISIS Liquidity:FRAGILE
2026-04-12 03:06:41,913 [WORLD]   Driver: No clear dominant theme | Confidence:80%
2026-04-12 03:21:41,955 [WORLD] [Cycle 15] Narrative:CONSOLIDATION Phase:LATE_CYCLE_STRESS Risk:CRISIS Liquidity:FRAGILE
2026-04-12 03:21:41,955 [WORLD]   Driver: No clear dominant theme | Confidence:80%
2026-04-12 03:36:41,996 [WORLD] [Cycle 16] Narrative:CONSOLIDATION Phase:LATE_CYCLE_STRESS Risk:CRISIS Liquidity:FRAGILE
2026-04-12 03:36:41,996 [WORLD]   Driver: No clear dominant theme | Confidence:80%
2026-04-12 03:51:42,034 [WORLD] [Cycle 17] Narrative:CONSOLIDATION Phase:LATE_CYCLE_STRESS Risk:CRISIS Liquidity:FRAGILE
2026-04-12 03:51:42,034 [WORLD]   Driver: No clear dominant theme | Confidence:65%
2026-04-12 04:06:42,063 [WORLD] [Cycle 18] Narrative:CONSOLIDATION Phase:LATE_CYCLE_STRESS Risk:CRISIS Liquidity:FRAGILE
2026-04-12 04:06:42,063 [WORLD]   Driver: No clear dominant theme | Confidence:65%
2026-04-12 04:21:42,096 [WORLD] [Cycle 19] Narrative:CONSOLIDATION Phase:LATE_CYCLE_STRESS Risk:CRISIS Liquidity:FRAGILE
2026-04-12 04:21:42,096 [WORLD]   Driver: No clear dominant theme | Confidence:80%
2026-04-12 04:36:42,125 [WORLD] [Cycle 20] Narrative:CONSOLIDATION Phase:LATE_CYCLE_STRESS Risk:CRISIS Liquidity:FRAGILE
2026-04-12 04:36:42,125 [WORLD]   Driver: No clear dominant theme | Confidence:80%
2026-04-12 04:51:42,155 [WORLD] [Cycle 21] Narrative:CONSOLIDATION Phase:LATE_CYCLE_STRESS Risk:CRISIS Liquidity:FRAGILE
2026-04-12 04:51:42,156 [WORLD]   Driver: No clear dominant theme | Confidence:80%
2026-04-12 05:06:42,195 [WORLD] [Cycle 22] Narrative:CONSOLIDATION Phase:LATE_CYCLE_STRESS Risk:CRISIS Liquidity:FRAGILE
2026-04-12 05:06:42,195 [WORLD]   Driver: No clear dominant theme | Confidence:65%
2026-04-12 05:21:42,233 [WORLD] [Cycle 23] Narrative:CONSOLIDATION Phase:LATE_CYCLE_STRESS Risk:CRISIS Liquidity:FRAGILE
2026-04-12 05:21:42,233 [WORLD]   Driver: No clear dominant theme | Confidence:65%
2026-04-12 05:36:42,275 [WORLD] [Cycle 24] Narrative:CONSOLIDATION Phase:LATE_CYCLE_STRESS Risk:CRISIS Liquidity:FRAGILE
2026-04-12 05:36:42,276 [WORLD]   Driver: No clear dominant theme | Confidence:80%
2026-04-12 05:51:42,311 [WORLD] [Cycle 25] Narrative:CONSOLIDATION Phase:LATE_CYCLE_STRESS Risk:CRISIS Liquidity:FRAGILE
2026-04-12 05:51:42,312 [WORLD]   Driver: No clear dominant theme | Confidence:80%
2026-04-12 06:06:42,347 [WORLD] [Cycle 26] Narrative:CONSOLIDATION Phase:LATE_CYCLE_STRESS Risk:CRISIS Liquidity:FRAGILE
2026-04-12 06:06:42,348 [WORLD]   Driver: No clear dominant theme | Confidence:65%
2026-04-12 06:21:42,385 [WORLD] [Cycle 27] Narrative:CONSOLIDATION Phase:LATE_CYCLE_STRESS Risk:CRISIS Liquidity:FRAGILE
2026-04-12 06:21:42,385 [WORLD]   Driver: No clear dominant theme | Confidence:80%
2026-04-12 06:36:42,424 [WORLD] [Cycle 28] Narrative:CONSOLIDATION Phase:LATE_CYCLE_STRESS Risk:CRISIS Liquidity:FRAGILE
2026-04-12 06:36:42,424 [WORLD]   Driver: No clear dominant theme | Confidence:80%
2026-04-12 06:51:42,461 [WORLD] [Cycle 29] Narrative:CONSOLIDATION Phase:LATE_CYCLE_STRESS Risk:CRISIS Liquidity:FRAGILE
2026-04-12 06:51:42,461 [WORLD]   Driver: No clear dominant theme | Confidence:65%
2026-04-12 07:06:42,491 [WORLD] [Cycle 30] Narrative:CONSOLIDATION Phase:LATE_CYCLE_STRESS Risk:CRISIS Liquidity:FRAGILE
2026-04-12 07:06:42,491 [WORLD]   Driver: No clear dominant theme | Confidence:65%
2026-04-12 07:21:42,530 [WORLD] [Cycle 31] Narrative:CONSOLIDATION Phase:LATE_CYCLE_STRESS Risk:CRISIS Liquidity:FRAGILE
2026-04-12 07:21:42,530 [WORLD]   Driver: No clear dominant theme | Confidence:65%
2026-04-12 07:36:42,563 [WORLD] [Cycle 32] Narrative:CONSOLIDATION Phase:LATE_CYCLE_STRESS Risk:CRISIS Liquidity:FRAGILE
2026-04-12 07:36:42,564 [WORLD]   Driver: No clear dominant theme | Confidence:65%
2026-04-12 07:51:42,595 [WORLD] [Cycle 33] Narrative:CONSOLIDATION Phase:LATE_CYCLE_STRESS Risk:CRISIS Liquidity:FRAGILE
2026-04-12 07:51:42,595 [WORLD]   Driver: No clear dominant theme | Confidence:65%
2026-04-12 08:06:42,624 [WORLD] [Cycle 34] Narrative:CONSOLIDATION Phase:LATE_CYCLE_STRESS Risk:CRISIS Liquidity:FRAGILE
2026-04-12 08:06:42,625 [WORLD]   Driver: No clear dominant theme | Confidence:65%
2026-04-12 08:21:42,662 [WORLD] [Cycle 35] Narrative:CONSOLIDATION Phase:LATE_CYCLE_STRESS Risk:CRISIS Liquidity:FRAGILE
2026-04-12 08:21:42,662 [WORLD]   Driver: No clear dominant theme | Confidence:65%
2026-04-12 08:36:42,703 [WORLD] [Cycle 36] Narrative:CONSOLIDATION Phase:LATE_CYCLE_STRESS Risk:CRISIS Liquidity:FRAGILE
2026-04-12 08:36:42,703 [WORLD]   Driver: No clear dominant theme | Confidence:65%
2026-04-12 08:51:42,743 [WORLD] [Cycle 37] Narrative:CONSOLIDATION Phase:LATE_CYCLE_STRESS Risk:CRISIS Liquidity:FRAGILE
2026-04-12 08:51:42,743 [WORLD]   Driver: No clear dominant theme | Confidence:80%
2026-04-12 09:06:42,776 [WORLD] [Cycle 38] Narrative:CONSOLIDATION Phase:LATE_CYCLE_STRESS Risk:CRISIS Liquidity:FRAGILE
2026-04-12 09:06:42,776 [WORLD]   Driver: No clear dominant theme | Confidence:80%
2026-04-12 09:21:42,802 [WORLD] [Cycle 39] Narrative:CONSOLIDATION Phase:LATE_CYCLE_STRESS Risk:CRISIS Liquidity:FRAGILE
2026-04-12 09:21:42,802 [WORLD]   Driver: No clear dominant theme | Confidence:80%
2026-04-12 09:36:42,842 [WORLD] [Cycle 40] Narrative:CONSOLIDATION Phase:LATE_CYCLE_STRESS Risk:CRISIS Liquidity:FRAGILE
2026-04-12 09:36:42,842 [WORLD]   Driver: No clear dominant theme | Confidence:80%
2026-04-12 09:51:42,881 [WORLD] [Cycle 41] Narrative:CONSOLIDATION Phase:LATE_CYCLE_STRESS Risk:CRISIS Liquidity:FRAGILE
2026-04-12 09:51:42,881 [WORLD]   Driver: No clear dominant theme | Confidence:80%
2026-04-12 10:06:42,923 [WORLD] [Cycle 42] Narrative:CONSOLIDATION Phase:LATE_CYCLE_STRESS Risk:CRISIS Liquidity:FRAGILE
2026-04-12 10:06:42,923 [WORLD]   Driver: No clear dominant theme | Confidence:65%
2026-04-12 10:21:42,962 [WORLD] [Cycle 43] Narrative:CONSOLIDATION Phase:LATE_CYCLE_STRESS Risk:CRISIS Liquidity:FRAGILE
2026-04-12 10:21:42,962 [WORLD]   Driver: No clear dominant theme | Confidence:65%
2026-04-12 10:36:42,993 [WORLD] [Cycle 44] Narrative:CONSOLIDATION Phase:LATE_CYCLE_STRESS Risk:CRISIS Liquidity:FRAGILE
2026-04-12 10:36:42,993 [WORLD]   Driver: No clear dominant theme | Confidence:65%
2026-04-12 10:51:43,035 [WORLD] [Cycle 45] Narrative:CONSOLIDATION Phase:LATE_CYCLE_STRESS Risk:CRISIS Liquidity:FRAGILE
2026-04-12 10:51:43,035 [WORLD]   Driver: No clear dominant theme | Confidence:65%
2026-04-12 11:06:43,072 [WORLD] [Cycle 46] Narrative:CONSOLIDATION Phase:LATE_CYCLE_STRESS Risk:CRISIS Liquidity:FRAGILE
2026-04-12 11:06:43,073 [WORLD]   Driver: No clear dominant theme | Confidence:65%
2026-04-12 11:21:43,104 [WORLD] [Cycle 47] Narrative:CONSOLIDATION Phase:LATE_CYCLE_STRESS Risk:CRISIS Liquidity:FRAGILE
2026-04-12 11:21:43,104 [WORLD]   Driver: No clear dominant theme | Confidence:65%
2026-04-12 11:36:43,142 [WORLD] [Cycle 48] Narrative:CONSOLIDATION Phase:LATE_CYCLE_STRESS Risk:CRISIS Liquidity:FRAGILE
2026-04-12 11:36:43,142 [WORLD]   Driver: No clear dominant theme | Confidence:65%
2026-04-12 11:51:43,185 [WORLD] [Cycle 49] Narrative:CONSOLIDATION Phase:LATE_CYCLE_STRESS Risk:CRISIS Liquidity:FRAGILE
2026-04-12 11:51:43,185 [WORLD]   Driver: No clear dominant theme | Confidence:65%
2026-04-12 12:06:43,217 [WORLD] [Cycle 50] Narrative:CONSOLIDATION Phase:LATE_CYCLE_STRESS Risk:CRISIS Liquidity:FRAGILE
2026-04-12 12:06:43,218 [WORLD]   Driver: No clear dominant theme | Confidence:65%
2026-04-12 12:21:43,248 [WORLD] [Cycle 51] Narrative:CONSOLIDATION Phase:LATE_CYCLE_STRESS Risk:CRISIS Liquidity:FRAGILE
2026-04-12 12:21:43,248 [WORLD]   Driver: No clear dominant theme | Confidence:65%
2026-04-12 12:36:43,275 [WORLD] [Cycle 52] Narrative:CONSOLIDATION Phase:LATE_CYCLE_STRESS Risk:CRISIS Liquidity:FRAGILE
2026-04-12 12:36:43,275 [WORLD]   Driver: No clear dominant theme | Confidence:65%
2026-04-12 12:51:43,316 [WORLD] [Cycle 53] Narrative:CONSOLIDATION Phase:LATE_CYCLE_STRESS Risk:CRISIS Liquidity:FRAGILE
2026-04-12 12:51:43,316 [WORLD]   Driver: No clear dominant theme | Confidence:65%
2026-04-12 13:06:43,351 [WORLD] [Cycle 54] Narrative:CONSOLIDATION Phase:LATE_CYCLE_STRESS Risk:CRISIS Liquidity:FRAGILE
2026-04-12 13:06:43,351 [WORLD]   Driver: No clear dominant theme | Confidence:80%
2026-04-12 13:21:43,394 [WORLD] [Cycle 55] Narrative:CONSOLIDATION Phase:LATE_CYCLE_STRESS Risk:CRISIS Liquidity:FRAGILE
2026-04-12 13:21:43,395 [WORLD]   Driver: No clear dominant theme | Confidence:80%
2026-04-12 13:36:43,426 [WORLD] [Cycle 56] Narrative:LIQUIDITY_CRUNCH Phase:LATE_CYCLE_STRESS Risk:CRISIS Liquidity:FROZEN
2026-04-12 13:36:43,426 [WORLD]   Driver: Forced selling across markets | Confidence:80%
2026-04-12 13:51:43,461 [WORLD] [Cycle 57] Narrative:LIQUIDITY_CRUNCH Phase:LATE_CYCLE_STRESS Risk:CRISIS Liquidity:FROZEN
2026-04-12 13:51:43,462 [WORLD]   Driver: Forced selling across markets | Confidence:80%
2026-04-12 14:06:43,494 [WORLD] [Cycle 58] Narrative:LIQUIDITY_CRUNCH Phase:LATE_CYCLE_STRESS Risk:CRISIS Liquidity:FROZEN
2026-04-12 14:06:43,495 [WORLD]   Driver: Forced selling across markets | Confidence:80%
2026-04-12 14:21:43,530 [WORLD] [Cycle 59] Narrative:LIQUIDITY_CRUNCH Phase:LATE_CYCLE_STRESS Risk:CRISIS Liquidity:FROZEN
2026-04-12 14:21:43,531 [WORLD]   Driver: Forced selling across markets | Confidence:80%
2026-04-12 14:36:43,571 [WORLD] [Cycle 60] Narrative:CONSOLIDATION Phase:LATE_CYCLE_STRESS Risk:CRISIS Liquidity:FRAGILE
2026-04-12 14:36:43,571 [WORLD]   Driver: No clear dominant theme | Confidence:65%
2026-04-12 14:51:43,610 [WORLD] [Cycle 61] Narrative:LIQUIDITY_CRUNCH Phase:LATE_CYCLE_STRESS Risk:CRISIS Liquidity:FROZEN
2026-04-12 14:51:43,610 [WORLD]   Driver: Forced selling across markets | Confidence:65%
2026-04-12 15:06:43,639 [WORLD] [Cycle 62] Narrative:LIQUIDITY_CRUNCH Phase:LATE_CYCLE_STRESS Risk:CRISIS Liquidity:FROZEN
2026-04-12 15:06:43,639 [WORLD]   Driver: Forced selling across markets | Confidence:80%
2026-04-12 15:21:43,676 [WORLD] [Cycle 63] Narrative:LIQUIDITY_CRUNCH Phase:LATE_CYCLE_STRESS Risk:CRISIS Liquidity:FROZEN
2026-04-12 15:21:43,676 [WORLD]   Driver: Forced selling across markets | Confidence:80%
2026-04-12 15:36:43,705 [WORLD] [Cycle 64] Narrative:LIQUIDITY_CRUNCH Phase:LATE_CYCLE_STRESS Risk:CRISIS Liquidity:FROZEN
2026-04-12 15:36:43,705 [WORLD]   Driver: Forced selling across markets | Confidence:80%
2026-04-12 15:51:43,730 [WORLD] [Cycle 65] Narrative:LIQUIDITY_CRUNCH Phase:LATE_CYCLE_STRESS Risk:CRISIS Liquidity:FROZEN
2026-04-12 15:51:43,730 [WORLD]   Driver: Forced selling across markets | Confidence:80%
2026-04-12 16:06:43,765 [WORLD] [Cycle 66] Narrative:LIQUIDITY_CRUNCH Phase:LATE_CYCLE_STRESS Risk:CRISIS Liquidity:FROZEN
2026-04-12 16:06:43,765 [WORLD]   Driver: Forced selling across markets | Confidence:80%
2026-04-12 16:21:43,794 [WORLD] [Cycle 67] Narrative:LIQUIDITY_CRUNCH Phase:LATE_CYCLE_STRESS Risk:CRISIS Liquidity:FROZEN
2026-04-12 16:21:43,794 [WORLD]   Driver: Forced selling across markets | Confidence:80%
2026-04-12 16:36:43,834 [WORLD] [Cycle 68] Narrative:LIQUIDITY_CRUNCH Phase:LATE_CYCLE_STRESS Risk:CRISIS Liquidity:FROZEN
2026-04-12 16:36:43,834 [WORLD]   Driver: Forced selling across markets | Confidence:80%
2026-04-12 16:51:43,859 [WORLD] [Cycle 69] Narrative:LIQUIDITY_CRUNCH Phase:LATE_CYCLE_STRESS Risk:CRISIS Liquidity:FROZEN
2026-04-12 16:51:43,859 [WORLD]   Driver: Forced selling across markets | Confidence:80%
2026-04-12 17:06:43,882 [WORLD] [Cycle 70] Narrative:LIQUIDITY_CRUNCH Phase:LATE_CYCLE_STRESS Risk:CRISIS Liquidity:FROZEN
2026-04-12 17:06:43,883 [WORLD]   Driver: Forced selling across markets | Confidence:80%
2026-04-12 17:21:43,922 [WORLD] [Cycle 71] Narrative:LIQUIDITY_CRUNCH Phase:LATE_CYCLE_STRESS Risk:CRISIS Liquidity:FROZEN
2026-04-12 17:21:43,922 [WORLD]   Driver: Forced selling across markets | Confidence:80%
2026-04-12 17:36:43,960 [WORLD] [Cycle 72] Narrative:LIQUIDITY_CRUNCH Phase:LATE_CYCLE_STRESS Risk:CRISIS Liquidity:FROZEN
2026-04-12 17:36:43,960 [WORLD]   Driver: Forced selling across markets | Confidence:65%
2026-04-12 17:51:43,992 [WORLD] [Cycle 73] Narrative:LIQUIDITY_CRUNCH Phase:LATE_CYCLE_STRESS Risk:CRISIS Liquidity:FROZEN
2026-04-12 17:51:43,993 [WORLD]   Driver: Forced selling across markets | Confidence:65%
2026-04-12 18:06:44,027 [WORLD] [Cycle 74] Narrative:LIQUIDITY_CRUNCH Phase:LATE_CYCLE_STRESS Risk:CRISIS Liquidity:FROZEN
2026-04-12 18:06:44,028 [WORLD]   Driver: Forced selling across markets | Confidence:80%
2026-04-12 18:21:44,065 [WORLD] [Cycle 75] Narrative:LIQUIDITY_CRUNCH Phase:LATE_CYCLE_STRESS Risk:CRISIS Liquidity:FROZEN
2026-04-12 18:21:44,065 [WORLD]   Driver: Forced selling across markets | Confidence:80%
2026-04-12 18:36:44,103 [WORLD] [Cycle 76] Narrative:LIQUIDITY_CRUNCH Phase:LATE_CYCLE_STRESS Risk:CRISIS Liquidity:FROZEN
2026-04-12 18:36:44,104 [WORLD]   Driver: Forced selling across markets | Confidence:65%
2026-04-12 18:51:44,140 [WORLD] [Cycle 77] Narrative:LIQUIDITY_CRUNCH Phase:LATE_CYCLE_STRESS Risk:CRISIS Liquidity:FROZEN
2026-04-12 18:51:44,141 [WORLD]   Driver: Forced selling across markets | Confidence:65%
2026-04-12 19:06:44,183 [WORLD] [Cycle 78] Narrative:LIQUIDITY_CRUNCH Phase:LATE_CYCLE_STRESS Risk:CRISIS Liquidity:FROZEN
2026-04-12 19:06:44,183 [WORLD]   Driver: Forced selling across markets | Confidence:65%
2026-04-12 19:21:44,218 [WORLD] [Cycle 79] Narrative:LIQUIDITY_CRUNCH Phase:LATE_CYCLE_STRESS Risk:CRISIS Liquidity:FROZEN
2026-04-12 19:21:44,218 [WORLD]   Driver: Forced selling across markets | Confidence:65%
2026-04-12 19:36:44,255 [WORLD] [Cycle 80] Narrative:LIQUIDITY_CRUNCH Phase:LATE_CYCLE_STRESS Risk:CRISIS Liquidity:FROZEN
2026-04-12 19:36:44,255 [WORLD]   Driver: Forced selling across markets | Confidence:65%
2026-04-12 19:51:44,287 [WORLD] [Cycle 81] Narrative:LIQUIDITY_CRUNCH Phase:LATE_CYCLE_STRESS Risk:CRISIS Liquidity:FROZEN
2026-04-12 19:51:44,288 [WORLD]   Driver: Forced selling across markets | Confidence:65%
2026-04-12 20:06:44,319 [WORLD] [Cycle 82] Narrative:LIQUIDITY_CRUNCH Phase:LATE_CYCLE_STRESS Risk:CRISIS Liquidity:FROZEN
2026-04-12 20:06:44,319 [WORLD]   Driver: Forced selling across markets | Confidence:65%
2026-04-12 20:21:44,359 [WORLD] [Cycle 83] Narrative:LIQUIDITY_CRUNCH Phase:LATE_CYCLE_STRESS Risk:CRISIS Liquidity:FROZEN
2026-04-12 20:21:44,359 [WORLD]   Driver: Forced selling across markets | Confidence:65%
2026-04-12 20:36:44,390 [WORLD] [Cycle 84] Narrative:LIQUIDITY_CRUNCH Phase:LATE_CYCLE_STRESS Risk:CRISIS Liquidity:FROZEN
2026-04-12 20:36:44,390 [WORLD]   Driver: Forced selling across markets | Confidence:65%
2026-04-12 20:51:44,417 [WORLD] [Cycle 85] Narrative:LIQUIDITY_CRUNCH Phase:LATE_CYCLE_STRESS Risk:CRISIS Liquidity:FROZEN
2026-04-12 20:51:44,417 [WORLD]   Driver: Forced selling across markets | Confidence:65%
2026-04-12 21:06:44,459 [WORLD] [Cycle 86] Narrative:LIQUIDITY_CRUNCH Phase:LATE_CYCLE_STRESS Risk:CRISIS Liquidity:FROZEN
2026-04-12 21:06:44,459 [WORLD]   Driver: Forced selling across markets | Confidence:65%
2026-04-12 21:21:44,497 [WORLD] [Cycle 87] Narrative:LIQUIDITY_CRUNCH Phase:LATE_CYCLE_STRESS Risk:CRISIS Liquidity:FROZEN
2026-04-12 21:21:44,497 [WORLD]   Driver: Forced selling across markets | Confidence:65%
2026-04-12 21:36:44,535 [WORLD] [Cycle 88] Narrative:LIQUIDITY_CRUNCH Phase:LATE_CYCLE_STRESS Risk:CRISIS Liquidity:FROZEN
2026-04-12 21:36:44,535 [WORLD]   Driver: Forced selling across markets | Confidence:65%
2026-04-12 21:51:44,567 [WORLD] [Cycle 89] Narrative:LIQUIDITY_CRUNCH Phase:LATE_CYCLE_STRESS Risk:CRISIS Liquidity:FROZEN
2026-04-12 21:51:44,567 [WORLD]   Driver: Forced selling across markets | Confidence:80%
2026-04-12 22:06:44,607 [WORLD] [Cycle 90] Narrative:LIQUIDITY_CRUNCH Phase:LATE_CYCLE_STRESS Risk:CRISIS Liquidity:FROZEN
2026-04-12 22:06:44,607 [WORLD]   Driver: Forced selling across markets | Confidence:80%
2026-04-12 22:21:44,644 [WORLD] [Cycle 91] Narrative:LIQUIDITY_CRUNCH Phase:LATE_CYCLE_STRESS Risk:CRISIS Liquidity:FROZEN
2026-04-12 22:21:44,644 [WORLD]   Driver: Forced selling across markets | Confidence:80%
2026-04-12 22:36:44,688 [WORLD] [Cycle 92] Narrative:LIQUIDITY_CRUNCH Phase:LATE_CYCLE_STRESS Risk:CRISIS Liquidity:FROZEN
2026-04-12 22:36:44,688 [WORLD]   Driver: Forced selling across markets | Confidence:80%
2026-04-12 22:51:44,724 [WORLD] [Cycle 93] Narrative:LIQUIDITY_CRUNCH Phase:LATE_CYCLE_STRESS Risk:CRISIS Liquidity:FROZEN
2026-04-12 22:51:44,724 [WORLD]   Driver: Forced selling across markets | Confidence:65%
2026-04-12 23:06:44,768 [WORLD] [Cycle 94] Narrative:LIQUIDITY_CRUNCH Phase:LATE_CYCLE_STRESS Risk:CRISIS Liquidity:FROZEN
2026-04-12 23:06:44,768 [WORLD]   Driver: Forced selling across markets | Confidence:65%
2026-04-12 23:21:44,807 [WORLD] [Cycle 95] Narrative:LIQUIDITY_CRUNCH Phase:LATE_CYCLE_STRESS Risk:CRISIS Liquidity:FROZEN
2026-04-12 23:21:44,807 [WORLD]   Driver: Forced selling across markets | Confidence:65%
2026-04-12 23:36:44,844 [WORLD] [Cycle 96] Narrative:LIQUIDITY_CRUNCH Phase:LATE_CYCLE_STRESS Risk:CRISIS Liquidity:FROZEN
2026-04-12 23:36:44,844 [WORLD]   Driver: Forced selling across markets | Confidence:80%
2026-04-12 23:51:44,861 [WORLD] [Cycle 97] Narrative:LIQUIDITY_CRUNCH Phase:LATE_CYCLE_STRESS Risk:CRISIS Liquidity:FROZEN
2026-04-12 23:51:44,861 [WORLD]   Driver: Forced selling across markets | Confidence:80%
2026-04-13 00:06:44,904 [WORLD] [Cycle 98] Narrative:LIQUIDITY_CRUNCH Phase:LATE_CYCLE_STRESS Risk:CRISIS Liquidity:FROZEN
2026-04-13 00:06:44,904 [WORLD]   Driver: Forced selling across markets | Confidence:80%
2026-04-13 00:21:44,941 [WORLD] [Cycle 99] Narrative:LIQUIDITY_CRUNCH Phase:LATE_CYCLE_STRESS Risk:CRISIS Liquidity:FROZEN
2026-04-13 00:21:44,941 [WORLD]   Driver: Forced selling across markets | Confidence:80%
2026-04-13 00:36:44,968 [WORLD] [Cycle 100] Narrative:LIQUIDITY_CRUNCH Phase:LATE_CYCLE_STRESS Risk:CRISIS Liquidity:FROZEN
2026-04-13 00:36:44,968 [WORLD]   Driver: Forced selling across markets | Confidence:80%
2026-04-13 00:51:45,008 [WORLD] [Cycle 101] Narrative:LIQUIDITY_CRUNCH Phase:LATE_CYCLE_STRESS Risk:CRISIS Liquidity:FROZEN
2026-04-13 00:51:45,008 [WORLD]   Driver: Forced selling across markets | Confidence:80%
2026-04-13 01:06:45,043 [WORLD] [Cycle 102] Narrative:LIQUIDITY_CRUNCH Phase:LATE_CYCLE_STRESS Risk:CRISIS Liquidity:FROZEN
2026-04-13 01:06:45,043 [WORLD]   Driver: Forced selling across markets | Confidence:65%
2026-04-13 01:21:45,070 [WORLD] [Cycle 103] Narrative:LIQUIDITY_CRUNCH Phase:LATE_CYCLE_STRESS Risk:CRISIS Liquidity:FROZEN
2026-04-13 01:21:45,070 [WORLD]   Driver: Forced selling across markets | Confidence:65%
2026-04-13 01:36:45,110 [WORLD] [Cycle 104] Narrative:CONSOLIDATION Phase:LATE_CYCLE_STRESS Risk:CRISIS Liquidity:FRAGILE
2026-04-13 01:36:45,110 [WORLD]   Driver: No clear dominant theme | Confidence:65%
2026-04-13 01:51:45,140 [WORLD] [Cycle 105] Narrative:CONSOLIDATION Phase:LATE_CYCLE_STRESS Risk:CRISIS Liquidity:FRAGILE
2026-04-13 01:51:45,140 [WORLD]   Driver: No clear dominant theme | Confidence:65%
2026-04-13 02:06:45,174 [WORLD] [Cycle 106] Narrative:CONSOLIDATION Phase:LATE_CYCLE_STRESS Risk:CRISIS Liquidity:FRAGILE
2026-04-13 02:06:45,174 [WORLD]   Driver: No clear dominant theme | Confidence:65%
2026-04-13 02:21:45,198 [WORLD] [Cycle 107] Narrative:CONSOLIDATION Phase:LATE_CYCLE_STRESS Risk:CRISIS Liquidity:FRAGILE
2026-04-13 02:21:45,198 [WORLD]   Driver: No clear dominant theme | Confidence:65%
2026-04-13 02:36:45,230 [WORLD] [Cycle 108] Narrative:CONSOLIDATION Phase:LATE_CYCLE_STRESS Risk:CRISIS Liquidity:FRAGILE
2026-04-13 02:36:45,230 [WORLD]   Driver: No clear dominant theme | Confidence:65%
2026-04-13 02:51:45,271 [WORLD] [Cycle 109] Narrative:CONSOLIDATION Phase:LATE_CYCLE_STRESS Risk:CRISIS Liquidity:FRAGILE
2026-04-13 02:51:45,271 [WORLD]   Driver: No clear dominant theme | Confidence:80%
2026-04-13 03:06:45,313 [WORLD] [Cycle 110] Narrative:CONSOLIDATION Phase:LATE_CYCLE_STRESS Risk:CRISIS Liquidity:FRAGILE
2026-04-13 03:06:45,313 [WORLD]   Driver: No clear dominant theme | Confidence:80%
2026-04-13 03:21:45,349 [WORLD] [Cycle 111] Narrative:CONSOLIDATION Phase:LATE_CYCLE_STRESS Risk:CRISIS Liquidity:FRAGILE
2026-04-13 03:21:45,349 [WORLD]   Driver: No clear dominant theme | Confidence:65%
2026-04-13 03:36:45,383 [WORLD] [Cycle 112] Narrative:CONSOLIDATION Phase:LATE_CYCLE_STRESS Risk:CRISIS Liquidity:FRAGILE
2026-04-13 03:36:45,383 [WORLD]   Driver: No clear dominant theme | Confidence:65%
2026-04-13 03:51:45,417 [WORLD] [Cycle 113] Narrative:CONSOLIDATION Phase:LATE_CYCLE_STRESS Risk:CRISIS Liquidity:FRAGILE
2026-04-13 03:51:45,418 [WORLD]   Driver: No clear dominant theme | Confidence:65%
2026-04-13 04:06:45,454 [WORLD] [Cycle 114] Narrative:CONSOLIDATION Phase:LATE_CYCLE_STRESS Risk:CRISIS Liquidity:FRAGILE
2026-04-13 04:06:45,454 [WORLD]   Driver: No clear dominant theme | Confidence:80%
2026-04-13 04:21:45,493 [WORLD] [Cycle 115] Narrative:CONSOLIDATION Phase:LATE_CYCLE_STRESS Risk:CRISIS Liquidity:FRAGILE
2026-04-13 04:21:45,494 [WORLD]   Driver: No clear dominant theme | Confidence:80%
2026-04-13 04:36:45,532 [WORLD] [Cycle 116] Narrative:CONSOLIDATION Phase:LATE_CYCLE_STRESS Risk:CRISIS Liquidity:FRAGILE
2026-04-13 04:36:45,532 [WORLD]   Driver: No clear dominant theme | Confidence:80%
2026-04-13 04:51:45,572 [WORLD] [Cycle 117] Narrative:CONSOLIDATION Phase:LATE_CYCLE_STRESS Risk:CRISIS Liquidity:FRAGILE
2026-04-13 04:51:45,573 [WORLD]   Driver: No clear dominant theme | Confidence:80%
2026-04-13 05:06:45,613 [WORLD] [Cycle 118] Narrative:CONSOLIDATION Phase:LATE_CYCLE_STRESS Risk:CRISIS Liquidity:FRAGILE
2026-04-13 05:06:45,614 [WORLD]   Driver: No clear dominant theme | Confidence:80%
2026-04-13 05:21:45,658 [WORLD] [Cycle 119] Narrative:CONSOLIDATION Phase:LATE_CYCLE_STRESS Risk:CRISIS Liquidity:FRAGILE
2026-04-13 05:21:45,658 [WORLD]   Driver: No clear dominant theme | Confidence:80%
2026-04-13 05:36:45,697 [WORLD] [Cycle 120] Narrative:CONSOLIDATION Phase:LATE_CYCLE_STRESS Risk:CRISIS Liquidity:FRAGILE
2026-04-13 05:36:45,698 [WORLD]   Driver: No clear dominant theme | Confidence:80%
2026-04-13 05:51:45,738 [WORLD] [Cycle 121] Narrative:CONSOLIDATION Phase:LATE_CYCLE_STRESS Risk:CRISIS Liquidity:FRAGILE
2026-04-13 05:51:45,738 [WORLD]   Driver: No clear dominant theme | Confidence:80%
2026-04-13 06:06:45,769 [WORLD] [Cycle 122] Narrative:CONSOLIDATION Phase:LATE_CYCLE_STRESS Risk:CRISIS Liquidity:FRAGILE
2026-04-13 06:06:45,770 [WORLD]   Driver: No clear dominant theme | Confidence:65%
2026-04-13 06:21:45,811 [WORLD] [Cycle 123] Narrative:CONSOLIDATION Phase:LATE_CYCLE_STRESS Risk:CRISIS Liquidity:FRAGILE
2026-04-13 06:21:45,811 [WORLD]   Driver: No clear dominant theme | Confidence:65%
2026-04-13 06:36:45,852 [WORLD] [Cycle 124] Narrative:CONSOLIDATION Phase:LATE_CYCLE_STRESS Risk:CRISIS Liquidity:FRAGILE
2026-04-13 06:36:45,852 [WORLD]   Driver: No clear dominant theme | Confidence:80%
2026-04-13 06:51:45,897 [WORLD] [Cycle 125] Narrative:CONSOLIDATION Phase:LATE_CYCLE_STRESS Risk:CRISIS Liquidity:FRAGILE
2026-04-13 06:51:45,897 [WORLD]   Driver: No clear dominant theme | Confidence:80%
2026-04-13 07:06:45,939 [WORLD] [Cycle 126] Narrative:CONSOLIDATION Phase:LATE_CYCLE_STRESS Risk:CRISIS Liquidity:FRAGILE
2026-04-13 07:06:45,939 [WORLD]   Driver: No clear dominant theme | Confidence:80%
2026-04-13 07:21:45,983 [WORLD] [Cycle 127] Narrative:CONSOLIDATION Phase:LATE_CYCLE_STRESS Risk:CRISIS Liquidity:FRAGILE
2026-04-13 07:21:45,983 [WORLD]   Driver: No clear dominant theme | Confidence:65%
2026-04-13 07:36:46,011 [WORLD] [Cycle 128] Narrative:CONSOLIDATION Phase:LATE_CYCLE_STRESS Risk:CRISIS Liquidity:FRAGILE
2026-04-13 07:36:46,011 [WORLD]   Driver: No clear dominant theme | Confidence:65%
2026-04-13 07:51:46,050 [WORLD] [Cycle 129] Narrative:CONSOLIDATION Phase:LATE_CYCLE_STRESS Risk:CRISIS Liquidity:FRAGILE
2026-04-13 07:51:46,050 [WORLD]   Driver: No clear dominant theme | Confidence:65%
2026-04-13 08:06:46,088 [WORLD] [Cycle 130] Narrative:CONSOLIDATION Phase:LATE_CYCLE_STRESS Risk:CRISIS Liquidity:FRAGILE
2026-04-13 08:06:46,088 [WORLD]   Driver: No clear dominant theme | Confidence:65%
2026-04-13 08:21:46,123 [WORLD] [Cycle 131] Narrative:CONSOLIDATION Phase:LATE_CYCLE_STRESS Risk:CRISIS Liquidity:FRAGILE
2026-04-13 08:21:46,123 [WORLD]   Driver: No clear dominant theme | Confidence:65%
2026-04-13 08:36:46,161 [WORLD] [Cycle 132] Narrative:CONSOLIDATION Phase:LATE_CYCLE_STRESS Risk:CRISIS Liquidity:FRAGILE
2026-04-13 08:36:46,161 [WORLD]   Driver: No clear dominant theme | Confidence:65%
2026-04-13 08:51:46,200 [WORLD] [Cycle 133] Narrative:CONSOLIDATION Phase:LATE_CYCLE_STRESS Risk:CRISIS Liquidity:FRAGILE
2026-04-13 08:51:46,201 [WORLD]   Driver: No clear dominant theme | Confidence:65%
2026-04-13 09:06:46,236 [WORLD] [Cycle 134] Narrative:CONSOLIDATION Phase:LATE_CYCLE_STRESS Risk:CRISIS Liquidity:FRAGILE
2026-04-13 09:06:46,236 [WORLD]   Driver: No clear dominant theme | Confidence:65%
2026-04-13 09:21:46,261 [WORLD] [Cycle 135] Narrative:CONSOLIDATION Phase:LATE_CYCLE_STRESS Risk:CRISIS Liquidity:FRAGILE
2026-04-13 09:21:46,261 [WORLD]   Driver: No clear dominant theme | Confidence:65%
2026-04-13 09:36:46,301 [WORLD] [Cycle 136] Narrative:CONSOLIDATION Phase:LATE_CYCLE_STRESS Risk:CRISIS Liquidity:FRAGILE
2026-04-13 09:36:46,301 [WORLD]   Driver: No clear dominant theme | Confidence:65%
2026-04-13 09:51:46,345 [WORLD] [Cycle 137] Narrative:CONSOLIDATION Phase:LATE_CYCLE_STRESS Risk:CRISIS Liquidity:FRAGILE
2026-04-13 09:51:46,345 [WORLD]   Driver: No clear dominant theme | Confidence:80%
2026-04-13 10:06:46,386 [WORLD] [Cycle 138] Narrative:CONSOLIDATION Phase:LATE_CYCLE_STRESS Risk:CRISIS Liquidity:FRAGILE
2026-04-13 10:06:46,386 [WORLD]   Driver: No clear dominant theme | Confidence:80%
2026-04-13 10:21:46,428 [WORLD] [Cycle 139] Narrative:CONSOLIDATION Phase:LATE_CYCLE_STRESS Risk:CRISIS Liquidity:FRAGILE
2026-04-13 10:21:46,428 [WORLD]   Driver: No clear dominant theme | Confidence:80%
2026-04-13 10:36:46,458 [WORLD] [Cycle 140] Narrative:CONSOLIDATION Phase:LATE_CYCLE_STRESS Risk:CRISIS Liquidity:FRAGILE
2026-04-13 10:36:46,458 [WORLD]   Driver: No clear dominant theme | Confidence:80%
2026-04-13 10:51:46,499 [WORLD] [Cycle 141] Narrative:CONSOLIDATION Phase:LATE_CYCLE_STRESS Risk:CRISIS Liquidity:FRAGILE
2026-04-13 10:51:46,499 [WORLD]   Driver: No clear dominant theme | Confidence:65%
2026-04-13 11:06:46,520 [WORLD] [Cycle 142] Narrative:CONSOLIDATION Phase:LATE_CYCLE_STRESS Risk:CRISIS Liquidity:FRAGILE
2026-04-13 11:06:46,521 [WORLD]   Driver: No clear dominant theme | Confidence:80%
2026-04-13 11:21:46,552 [WORLD] [Cycle 143] Narrative:CONSOLIDATION Phase:LATE_CYCLE_STRESS Risk:CRISIS Liquidity:FRAGILE
2026-04-13 11:21:46,553 [WORLD]   Driver: No clear dominant theme | Confidence:80%
2026-04-13 11:36:46,582 [WORLD] [Cycle 144] Narrative:CONSOLIDATION Phase:LATE_CYCLE_STRESS Risk:CRISIS Liquidity:FRAGILE
2026-04-13 11:36:46,582 [WORLD]   Driver: No clear dominant theme | Confidence:80%
2026-04-13 11:51:46,622 [WORLD] [Cycle 145] Narrative:CONSOLIDATION Phase:LATE_CYCLE_STRESS Risk:CRISIS Liquidity:FRAGILE
2026-04-13 11:51:46,622 [WORLD]   Driver: No clear dominant theme | Confidence:80%
